<?xml version="1.0" encoding="UTF-8"?>
<!-- Generated by org.testng.reporters.JUnitXMLReporter -->
<testsuite hostname="DESKTOP-7DAQ3NU" name="Test" tests="8" failures="0" timestamp="2 Dec 2021 18:01:10 GMT" time="0.118" errors="0">
  <testcase name="regrassion1" time="0.027" classname="keyword.DependOnGroups"/>
  <testcase name="sanity1" time="0.003" classname="keyword.DependOnGroups"/>
  <testcase name="regrassion13" time="0.036" classname="keyword.DependsOnMethods"/>
  <testcase name="sanity2" time="0.002" classname="keyword.DependOnGroups"/>
  <testcase name="sanity11" time="0.002" classname="keyword.DependsOnMethods"/>
  <testcase name="sanity12" time="0.003" classname="keyword.DependsOnMethods"/>
  <testcase name="sanityregra14" time="0.001" classname="keyword.DependsOnMethods"/>
  <testcase name="sanityregra" time="0.024" classname="keyword.DependOnGroups"/>
</testsuite> <!-- Test -->
